2018-08-30 11:23:15,503 run.py[line:20] INFO 开始执行测试...
2018-08-30 11:23:15,505 myunit.py[line:8] INFO =====开始执行自动化测试====
2018-08-30 11:23:15,508 desired_caps.py[line:32] INFO start app...
2018-08-30 11:23:35,059 test_login.py[line:21] INFO ======登录失败测试=====
2018-08-30 11:23:35,060 common_fun.py[line:49] INFO =====获取账号数据======
2018-08-30 11:23:35,064 loginView.py[line:25] INFO ============滑动跳过引导页==============
2018-08-30 11:23:35,065 common_fun.py[line:29] INFO swipeLeft
2018-08-30 11:23:35,659 common_fun.py[line:29] INFO swipeLeft
2018-08-30 11:23:36,211 common_fun.py[line:14] INFO =========点击立即进入按钮=============
2018-08-30 11:23:38,756 loginView.py[line:30] INFO ============开始登录==============
2018-08-30 11:23:38,757 loginView.py[line:32] INFO click mineBtn
2018-08-30 11:23:39,831 loginView.py[line:35] INFO click userBtn
2018-08-30 11:23:42,298 loginView.py[line:38] INFO click loginPwd
2018-08-30 11:23:43,286 loginView.py[line:41] INFO username is:17602888761
2018-08-30 11:23:48,480 loginView.py[line:44] INFO password is:111111
2018-08-30 11:23:53,679 loginView.py[line:47] INFO click loginBtn
2018-08-30 11:23:54,766 loginView.py[line:49] INFO login finished!
2018-08-30 11:23:54,766 loginView.py[line:52] INFO ====检查登录结果======
2018-08-30 11:24:02,971 loginView.py[line:56] ERROR 登录失败!
2018-08-30 11:24:02,971 common_fun.py[line:44] INFO get login fail screenshot
2018-08-30 11:24:04,624 myunit.py[line:12] INFO ====测试执行完成====
2018-08-30 11:24:10,632 myunit.py[line:8] INFO =====开始执行自动化测试====
2018-08-30 11:24:10,638 desired_caps.py[line:32] INFO start app...
2018-08-30 11:24:30,551 test_login.py[line:11] INFO =====登录成功测试======
2018-08-30 11:24:30,551 common_fun.py[line:49] INFO =====获取账号数据======
2018-08-30 11:24:30,552 loginView.py[line:25] INFO ============滑动跳过引导页==============
2018-08-30 11:24:30,552 common_fun.py[line:29] INFO swipeLeft
2018-08-30 11:24:31,129 common_fun.py[line:29] INFO swipeLeft
2018-08-30 11:24:31,690 common_fun.py[line:14] INFO =========点击立即进入按钮=============
2018-08-30 11:24:40,275 loginView.py[line:30] INFO ============开始登录==============
2018-08-30 11:24:40,276 loginView.py[line:32] INFO click mineBtn
2018-08-30 11:24:40,689 loginView.py[line:35] INFO click userBtn
2018-08-30 11:24:42,174 loginView.py[line:38] INFO click loginPwd
2018-08-30 11:24:43,226 loginView.py[line:41] INFO username is:18380477273
2018-08-30 11:24:48,555 loginView.py[line:44] INFO password is:111111
2018-08-30 11:24:53,741 loginView.py[line:47] INFO click loginBtn
2018-08-30 11:24:54,801 loginView.py[line:49] INFO login finished!
2018-08-30 11:24:54,801 loginView.py[line:52] INFO ====检查登录结果======
2018-08-30 11:24:57,476 loginView.py[line:60] INFO 登录成功!
2018-08-30 11:24:57,477 common_fun.py[line:44] INFO get login success screenshot
2018-08-30 11:24:59,721 loginView.py[line:67] INFO =====退出登录======
2018-08-30 11:25:01,193 myunit.py[line:12] INFO ====测试执行完成====
2018-09-03 15:59:12,139 run.py[line:20] INFO 开始执行测试...
2018-09-03 15:59:12,190 myunit.py[line:8] INFO =====开始执行自动化测试====
2018-09-03 15:59:12,196 desired_caps.py[line:32] INFO start app...
2018-09-03 15:59:36,256 test_login.py[line:21] INFO ======登录失败测试=====
2018-09-03 15:59:36,257 common_fun.py[line:49] INFO =====获取账号数据======
2018-09-03 15:59:36,281 loginView.py[line:25] INFO ============滑动跳过引导页==============
2018-09-03 15:59:36,282 common_fun.py[line:29] INFO swipeLeft
2018-09-03 15:59:36,884 common_fun.py[line:29] INFO swipeLeft
2018-09-03 15:59:37,438 common_fun.py[line:14] INFO =========点击立即进入按钮=============
2018-09-03 15:59:40,577 loginView.py[line:30] INFO ============开始登录==============
2018-09-03 15:59:40,578 loginView.py[line:32] INFO click mineBtn
2018-09-03 15:59:41,063 loginView.py[line:35] INFO click userBtn
2018-09-03 15:59:44,005 loginView.py[line:38] INFO click loginPwd
2018-09-03 15:59:45,386 loginView.py[line:41] INFO username is:17602888761
2018-09-03 15:59:50,290 loginView.py[line:44] INFO password is:111111
2018-09-03 15:59:55,437 loginView.py[line:47] INFO click loginBtn
2018-09-03 15:59:56,466 loginView.py[line:49] INFO login finished!
2018-09-03 15:59:56,467 loginView.py[line:52] INFO ====检查登录结果======
2018-09-03 16:00:04,717 loginView.py[line:56] ERROR 登录失败!
2018-09-03 16:00:04,717 common_fun.py[line:44] INFO get login fail screenshot
2018-09-03 16:00:05,947 myunit.py[line:12] INFO ====测试执行完成====
2018-09-03 16:00:11,910 myunit.py[line:8] INFO =====开始执行自动化测试====
2018-09-03 16:00:11,915 desired_caps.py[line:32] INFO start app...
2018-09-03 16:00:29,858 test_login.py[line:11] INFO =====登录成功测试======
2018-09-03 16:00:29,858 common_fun.py[line:49] INFO =====获取账号数据======
2018-09-03 16:00:29,859 loginView.py[line:25] INFO ============滑动跳过引导页==============
2018-09-03 16:00:29,859 common_fun.py[line:29] INFO swipeLeft
2018-09-03 16:00:30,413 common_fun.py[line:29] INFO swipeLeft
2018-09-03 16:00:31,011 common_fun.py[line:14] INFO =========点击立即进入按钮=============
2018-09-03 16:00:34,435 loginView.py[line:30] INFO ============开始登录==============
2018-09-03 16:00:34,435 loginView.py[line:32] INFO click mineBtn
2018-09-03 16:00:35,760 loginView.py[line:35] INFO click userBtn
2018-09-03 16:00:37,688 loginView.py[line:38] INFO click loginPwd
2018-09-03 16:00:38,557 loginView.py[line:41] INFO username is:18380477273
2018-09-03 16:00:45,820 loginView.py[line:44] INFO password is:111111
2018-09-03 16:00:50,522 loginView.py[line:47] INFO click loginBtn
2018-09-03 16:00:51,589 loginView.py[line:49] INFO login finished!
2018-09-03 16:00:51,589 loginView.py[line:52] INFO ====检查登录结果======
2018-09-03 16:00:54,105 loginView.py[line:60] INFO 登录成功!
2018-09-03 16:00:54,105 common_fun.py[line:44] INFO get login success screenshot
2018-09-03 16:00:56,102 loginView.py[line:67] INFO =====退出登录======
2018-09-03 16:00:57,616 myunit.py[line:12] INFO ====测试执行完成====
2018-09-03 16:56:41,961 desired_caps.py[line:32] INFO start app...
2018-09-03 16:58:49,060 desired_caps.py[line:32] INFO start app...
2018-09-03 17:00:36,303 desired_caps.py[line:32] INFO start app...
2018-09-03 17:01:31,918 desired_caps.py[line:32] INFO start app...
2018-09-03 17:01:50,833 loginView.py[line:25] INFO ============滑动跳过引导页==============
2018-09-03 17:01:50,833 common_fun.py[line:29] INFO swipeLeft
2018-09-03 17:01:51,419 common_fun.py[line:29] INFO swipeLeft
2018-09-03 17:01:52,001 common_fun.py[line:14] INFO =========点击立即进入按钮=============
2018-09-03 17:01:55,126 loginView.py[line:30] INFO ============开始登录==============
2018-09-03 17:01:55,127 loginView.py[line:32] INFO click mineBtn
2018-09-03 17:01:56,685 loginView.py[line:35] INFO click userBtn
2018-09-03 17:01:57,840 loginView.py[line:38] INFO click loginPwd
2018-09-03 17:01:59,937 loginView.py[line:41] INFO username is:18380477273
2018-09-03 17:02:05,217 loginView.py[line:44] INFO password is:111111
2018-09-03 17:02:10,382 loginView.py[line:47] INFO click loginBtn
2018-09-03 17:02:11,435 loginView.py[line:49] INFO login finished!
2018-09-03 17:03:23,043 desired_caps.py[line:32] INFO start app...
2018-09-03 17:04:49,138 desired_caps.py[line:32] INFO start app...
2018-09-03 17:10:36,543 desired_caps.py[line:32] INFO start app...
2018-09-03 17:10:52,370 loginView.py[line:25] INFO ============滑动跳过引导页==============
2018-09-03 17:10:52,370 common_fun.py[line:29] INFO swipeLeft
2018-09-03 17:10:52,929 common_fun.py[line:29] INFO swipeLeft
2018-09-03 17:10:53,522 common_fun.py[line:14] INFO =========点击立即进入按钮=============
2018-09-03 17:10:56,940 loginView.py[line:30] INFO ============开始登录==============
2018-09-03 17:10:56,940 loginView.py[line:32] INFO click mineBtn
2018-09-03 17:10:58,158 loginView.py[line:35] INFO click userBtn
2018-09-03 17:10:59,536 loginView.py[line:38] INFO click loginPwd
2018-09-03 17:11:00,738 loginView.py[line:41] INFO username is:18380477273
2018-09-03 17:11:05,920 loginView.py[line:44] INFO password is:111111
2018-09-03 17:11:11,058 loginView.py[line:47] INFO click loginBtn
2018-09-03 17:11:12,168 loginView.py[line:49] INFO login finished!
2018-09-03 17:12:16,440 desired_caps.py[line:32] INFO start app...
2018-09-03 17:12:33,120 loginView.py[line:25] INFO ============滑动跳过引导页==============
2018-09-03 17:12:33,120 common_fun.py[line:29] INFO swipeLeft
2018-09-03 17:12:33,722 common_fun.py[line:29] INFO swipeLeft
2018-09-03 17:12:34,390 common_fun.py[line:14] INFO =========点击立即进入按钮=============
2018-09-03 17:12:37,388 loginView.py[line:30] INFO ============开始登录==============
2018-09-03 17:12:37,388 loginView.py[line:32] INFO click mineBtn
2018-09-03 17:12:38,487 loginView.py[line:35] INFO click userBtn
2018-09-03 17:12:39,930 loginView.py[line:38] INFO click loginPwd
2018-09-03 17:12:42,325 loginView.py[line:41] INFO username is:18380477273
2018-09-03 17:12:47,485 loginView.py[line:44] INFO password is:111111
2018-09-03 17:12:52,642 loginView.py[line:47] INFO click loginBtn
2018-09-03 17:12:53,754 loginView.py[line:49] INFO login finished!
2018-09-03 17:12:53,754 editUser.py[line:23] INFO 开始测试
2018-09-03 17:14:33,704 desired_caps.py[line:32] INFO start app...
2018-09-03 17:14:49,294 loginView.py[line:25] INFO ============滑动跳过引导页==============
2018-09-03 17:14:49,294 common_fun.py[line:29] INFO swipeLeft
2018-09-03 17:14:49,868 common_fun.py[line:29] INFO swipeLeft
2018-09-03 17:14:50,459 common_fun.py[line:14] INFO =========点击立即进入按钮=============
2018-09-03 17:14:54,024 loginView.py[line:30] INFO ============开始登录==============
2018-09-03 17:14:54,024 loginView.py[line:32] INFO click mineBtn
2018-09-03 17:14:54,283 loginView.py[line:35] INFO click userBtn
2018-09-03 17:14:56,164 loginView.py[line:38] INFO click loginPwd
2018-09-03 17:14:57,288 loginView.py[line:41] INFO username is:18380477273
2018-09-03 17:15:02,862 loginView.py[line:44] INFO password is:111111
2018-09-03 17:15:08,083 loginView.py[line:47] INFO click loginBtn
2018-09-03 17:15:09,123 loginView.py[line:49] INFO login finished!
2018-09-03 17:15:09,124 editUser.py[line:23] INFO 开始测试
